<?xml version="1.0" encoding="UTF-8"?>
<!-- Generated by org.testng.reporters.JUnitReportReporter -->
<testsuite skipped="0" hostname="DESKTOP-MI5D1LI" name="BasicPackage.BaseClass" tests="3" failures="0" timestamp="01 Nov 2019 12:56:21 GMT" time="35.951" errors="0">
  <testcase name="LaunchFlipkart" time="35.907" classname="BasicPackage.BaseClass"/>
  <testcase name="getTitleFlipkart" time="0.028" classname="BasicPackage.BaseClass"/>
  <testcase name="getCurrentUrl" time="0.016" classname="BasicPackage.BaseClass"/>
</testsuite> <!-- BasicPackage.BaseClass -->
